<?xml version='1.0'?>
<ns2:test-suite xmlns:ns2='urn:model.allure.qatools.yandex.ru' start='1655893621250' stop='1655893630904'>
    <name>frame handling</name>
    <title>frame handling</title>
    <test-cases>
        <test-case start='1655893621251' status='failed' stop='1655893630902'>
            <name>frame</name>
            <title>frame</title>
            <labels>
                <label name='language' value='javascript'/>
                <label name='framework' value='wdio'/>
                <label name='thread' value='0-2'/>
            </labels>
            <parameters>
                <parameter kind='argument' name='browser' value='chrome-103.0.5060.53'/>
            </parameters>
            <steps/>
            <attachments>
                <attachment title='Screenshot' source='80b96e1f-e3e2-4c28-b280-a821f556a34b-attachment.png' type='image/png' size='446464'/>
            </attachments>
            <failure>
                <message>not pass the value: expected 'assignment' to equal 'assign'      
                      actual expected
                      
                      'assignmentassign'
                      </message>
                <stack-trace>AssertionError: not pass the value: expected 'assignment' to equal 'assign'
                    at Context.&lt;anonymous> (E:\WEBDRIVERIO_NEW\test\specs\practice\frame.js:15:22)
                    at processTicksAndRejections (node:internal/process/task_queues:96:5)</stack-trace>
            </failure>
        </test-case>
    </test-cases>
</ns2:test-suite>