<?xml version='1.0'?>
<ns2:test-suite xmlns:ns2='urn:model.allure.qatools.yandex.ru' start='1655888928374' stop='1655888934600'>
    <name>frame handling</name>
    <title>frame handling</title>
    <test-cases>
        <test-case start='1655888928375' status='failed' stop='1655888934598'>
            <name>frame</name>
            <title>frame</title>
            <labels>
                <label name='language' value='javascript'/>
                <label name='framework' value='wdio'/>
                <label name='thread' value='0-2'/>
            </labels>
            <parameters>
                <parameter kind='argument' name='browser' value='chrome-103.0.5060.53'/>
            </parameters>
            <steps/>
            <attachments/>
            <failure>
                <message>not pass the value: expected 'assignment' to equal 'assign'      
                      actual expected
                      
                      'assignmentassign'
                      </message>
                <stack-trace>AssertionError: not pass the value: expected 'assignment' to equal 'assign'
                    at Context.&lt;anonymous> (E:\WEBDRIVERIO_NEW\test\specs\practice\frame.js:15:22)
                    at processTicksAndRejections (node:internal/process/task_queues:96:5)</stack-trace>
            </failure>
        </test-case>
    </test-cases>
</ns2:test-suite>